<?xml version="1.0" encoding="UTF-8"?>
<coverage generated="1499974716">
  <project timestamp="1499974716">
    <package name="Selami\Stdlib">
      <file name="/Volumes/MK/Projects/selamiphp/stdlib/src/CaseConverter.php">
        <class name="CaseConverter" namespace="Selami\Stdlib">
          <metrics complexity="3" methods="3" coveredmethods="3" conditionals="0" coveredconditionals="0" statements="8" coveredstatements="8" elements="11" coveredelements="11"/>
        </class>
        <line num="16" type="method" name="toPascalCase" visibility="public" complexity="1" crap="1" count="5"/>
        <line num="19" type="stmt" count="5"/>
        <line num="20" type="stmt" count="5"/>
        <line num="21" type="stmt" count="5"/>
        <line num="22" type="stmt" count="5"/>
        <line num="32" type="method" name="toCamelCase" visibility="public" complexity="1" crap="1" count="1"/>
        <line num="34" type="stmt" count="1"/>
        <line num="44" type="method" name="toSnakeCase" visibility="public" complexity="1" crap="1" count="1"/>
        <line num="47" type="stmt" count="1"/>
        <line num="48" type="stmt" count="1"/>
        <line num="49" type="stmt" count="1"/>
        <metrics loc="51" ncloc="26" classes="1" methods="3" coveredmethods="3" conditionals="0" coveredconditionals="0" statements="8" coveredstatements="8" elements="11" coveredelements="11"/>
      </file>
      <file name="/Volumes/MK/Projects/selamiphp/stdlib/src/Resolver.php">
        <class name="Resolver" namespace="Selami\Stdlib">
          <metrics complexity="7" methods="2" coveredmethods="2" conditionals="0" coveredconditionals="0" statements="19" coveredstatements="19" elements="21" coveredelements="21"/>
        </class>
        <line num="20" type="method" name="getParameterHints" visibility="public" complexity="4" crap="4" count="5"/>
        <line num="22" type="stmt" count="5"/>
        <line num="23" type="stmt" count="1"/>
        <line num="24" type="stmt" count="1"/>
        <line num="27" type="stmt" count="4"/>
        <line num="28" type="stmt" count="1"/>
        <line num="29" type="stmt" count="1"/>
        <line num="32" type="stmt" count="3"/>
        <line num="36" type="stmt" count="3"/>
        <line num="37" type="stmt" count="3"/>
        <line num="38" type="stmt" count="3"/>
        <line num="39" type="stmt" count="3"/>
        <line num="40" type="stmt" count="3"/>
        <line num="42" type="stmt" count="2"/>
        <line num="51" type="method" name="getParamType" visibility="private" complexity="3" crap="3" count="3"/>
        <line num="53" type="stmt" count="3"/>
        <line num="54" type="stmt" count="3"/>
        <line num="55" type="stmt" count="2"/>
        <line num="58" type="stmt" count="3"/>
        <line num="59" type="stmt" count="1"/>
        <line num="60" type="stmt" count="1"/>
        <metrics loc="63" ncloc="49" classes="1" methods="2" coveredmethods="2" conditionals="0" coveredconditionals="0" statements="19" coveredstatements="19" elements="21" coveredelements="21"/>
      </file>
    </package>
    <package name="Selami\Stdlib\Exception">
      <file name="/Volumes/MK/Projects/selamiphp/stdlib/src/Exception/InvalidArgumentException.php">
        <class name="InvalidArgumentException" namespace="Selami\Stdlib\Exception">
          <metrics complexity="0" methods="0" coveredmethods="0" conditionals="0" coveredconditionals="0" statements="0" coveredstatements="0" elements="0" coveredelements="0"/>
        </class>
        <metrics loc="9" ncloc="9" classes="0" methods="0" coveredmethods="0" conditionals="0" coveredconditionals="0" statements="0" coveredstatements="0" elements="0" coveredelements="0"/>
      </file>
    </package>
    <metrics files="3" loc="123" ncloc="84" classes="2" methods="5" coveredmethods="5" conditionals="0" coveredconditionals="0" statements="27" coveredstatements="27" elements="32" coveredelements="32"/>
  </project>
</coverage>
